# minBytes 1024 maxBytes 1073741824 step: 2(factor) warmup iters: 10 iters: 1000 validation: 1 graph: 15 kernel num: 2
#
# Using devices
#  Rank  0 Pid 3091709 on       du04 device  0 [0000:01:00.0] NVIDIA A100-SXM4-40GB
#  Rank  1 Pid 3091710 on       du04 device  1 [0000:41:00.0] NVIDIA A100-SXM4-40GB
#  Rank  2 Pid 3091711 on       du04 device  2 [0000:81:00.0] NVIDIA A100-SXM4-40GB
#  Rank  3 Pid 3091712 on       du04 device  3 [0000:C1:00.0] NVIDIA A100-SXM4-40GB
#
# Initializing MSCCL++
# Setting up the connection in MSCCL++
#
#                                        in-place                       out-of-place
#       size         count     time   algbw   busbw  #wrong     time   algbw   busbw  #wrong
#        (B)    (elements)     (us)  (GB/s)  (GB/s)             (us)  (GB/s)  (GB/s)
        1024           256                                      3.81    0.27    0.40      0
        2048           512                                      3.92    0.52    0.78      0
        4096          1024                                      4.19    0.98    1.46      0
        8192          2048                                      4.53    1.81    2.71      0
       16384          4096                                      5.13    3.19    4.79      0
       32768          8192                                      7.07    4.63    6.95      0
       65536         16384                                     10.41    6.30    9.44      0
      131072         32768                                     18.52    7.08   10.62      0
      262144         65536                                     34.12    7.68   11.52      0
      524288        131072                                     65.83    7.96   11.95      0
     1048576        262144                                     128.4    8.17   12.25      0
     2097152        524288                                     252.9    8.29   12.44      0
     4194304       1048576                                     692.1    6.06    9.09      0
     8388608       2097152                                    1473.4    5.69    8.54      0
    16777216       4194304                                    2949.8    5.69    8.53      0
    33554432       8388608                                    5878.2    5.71    8.56      0
    67108864      16777216                                     11800    5.69    8.53      0
   134217728      33554432                                     23557    5.70    8.55      0
   268435456      67108864                                     47272    5.68    8.52      0
   536870912     134217728                                     95186    5.64    8.46      0
